{"/Users/metinbicaksiz/Desktop/namaste-react/swiggy/src/components/Body.js": {"path":"/Users/metinbicaksiz/Desktop/namaste-react/swiggy/src/components/Body.js","statementMap":{"0":{"start":{"line":9,"column":13},"end":{"line":87,"column":1}},"1":{"start":{"line":10,"column":42},"end":{"line":10,"column":54}},"2":{"start":{"line":11,"column":58},"end":{"line":11,"column":70}},"3":{"start":{"line":12,"column":39},"end":{"line":12,"column":51}},"4":{"start":{"line":14,"column":4},"end":{"line":16,"column":11}},"5":{"start":{"line":15,"column":8},"end":{"line":15,"column":20}},"6":{"start":{"line":18,"column":22},"end":{"line":23,"column":5}},"7":{"start":{"line":19,"column":21},"end":{"line":19,"column":44}},"8":{"start":{"line":20,"column":21},"end":{"line":20,"column":38}},"9":{"start":{"line":21,"column":8},"end":{"line":21,"column":99}},"10":{"start":{"line":22,"column":8},"end":{"line":22,"column":107}},"11":{"start":{"line":25,"column":25},"end":{"line":25,"column":42}},"12":{"start":{"line":26,"column":4},"end":{"line":28,"column":5}},"13":{"start":{"line":27,"column":8},"end":{"line":27,"column":83}},"14":{"start":{"line":30,"column":42},"end":{"line":30,"column":65}},"15":{"start":{"line":32,"column":4},"end":{"line":86,"column":5}},"16":{"start":{"line":46,"column":28},"end":{"line":46,"column":58}},"17":{"start":{"line":50,"column":51},"end":{"line":52,"column":25}},"18":{"start":{"line":51,"column":28},"end":{"line":51,"column":97}},"19":{"start":{"line":53,"column":24},"end":{"line":53,"column":67}},"20":{"start":{"line":60,"column":45},"end":{"line":60,"column":112}},"21":{"start":{"line":60,"column":80},"end":{"line":60,"column":109}},"22":{"start":{"line":61,"column":24},"end":{"line":61,"column":61}},"23":{"start":{"line":72,"column":41},"end":{"line":72,"column":68}},"24":{"start":{"line":77,"column":20},"end":{"line":82,"column":27}}},"fnMap":{"0":{"name":"(anonymous_0)","decl":{"start":{"line":9,"column":13},"end":{"line":9,"column":14}},"loc":{"start":{"line":9,"column":19},"end":{"line":87,"column":1}},"line":9},"1":{"name":"(anonymous_1)","decl":{"start":{"line":14,"column":14},"end":{"line":14,"column":15}},"loc":{"start":{"line":14,"column":20},"end":{"line":16,"column":5}},"line":14},"2":{"name":"(anonymous_2)","decl":{"start":{"line":18,"column":22},"end":{"line":18,"column":23}},"loc":{"start":{"line":18,"column":34},"end":{"line":23,"column":5}},"line":18},"3":{"name":"(anonymous_3)","decl":{"start":{"line":45,"column":34},"end":{"line":45,"column":35}},"loc":{"start":{"line":45,"column":39},"end":{"line":47,"column":25}},"line":45},"4":{"name":"(anonymous_4)","decl":{"start":{"line":49,"column":37},"end":{"line":49,"column":38}},"loc":{"start":{"line":49,"column":43},"end":{"line":54,"column":21}},"line":49},"5":{"name":"(anonymous_5)","decl":{"start":{"line":50,"column":70},"end":{"line":50,"column":71}},"loc":{"start":{"line":51,"column":28},"end":{"line":51,"column":97}},"line":51},"6":{"name":"(anonymous_6)","decl":{"start":{"line":59,"column":82},"end":{"line":59,"column":83}},"loc":{"start":{"line":59,"column":88},"end":{"line":62,"column":21}},"line":59},"7":{"name":"(anonymous_7)","decl":{"start":{"line":60,"column":64},"end":{"line":60,"column":65}},"loc":{"start":{"line":60,"column":80},"end":{"line":60,"column":109}},"line":60},"8":{"name":"(anonymous_8)","decl":{"start":{"line":72,"column":34},"end":{"line":72,"column":35}},"loc":{"start":{"line":72,"column":41},"end":{"line":72,"column":68}},"line":72},"9":{"name":"(anonymous_9)","decl":{"start":{"line":76,"column":41},"end":{"line":76,"column":42}},"loc":{"start":{"line":77,"column":20},"end":{"line":82,"column":27}},"line":77}},"branchMap":{"0":{"loc":{"start":{"line":26,"column":4},"end":{"line":28,"column":5}},"type":"if","locations":[{"start":{"line":26,"column":4},"end":{"line":28,"column":5}},{"start":{},"end":{}}],"line":26},"1":{"loc":{"start":{"line":32,"column":11},"end":{"line":86,"column":5}},"type":"cond-expr","locations":[{"start":{"line":33,"column":8},"end":{"line":33,"column":19}},{"start":{"line":35,"column":8},"end":{"line":85,"column":14}}],"line":32}},"s":{"0":1,"1":7,"2":7,"3":7,"4":7,"5":2,"6":7,"7":2,"8":2,"9":2,"10":2,"11":7,"12":7,"13":0,"14":7,"15":7,"16":1,"17":1,"18":8,"19":1,"20":1,"21":8,"22":1,"23":0,"24":33},"f":{"0":7,"1":2,"2":2,"3":1,"4":1,"5":8,"6":1,"7":8,"8":0,"9":33},"b":{"0":[0,7],"1":[2,5]},"_coverageSchema":"1a1c01bbd47fc00a2c39e90264f33305004495a9","hash":"6e8d9c47d104b59156f0a5f413facc546e12d289"}
,"/Users/metinbicaksiz/Desktop/namaste-react/swiggy/src/components/Cart.js": {"path":"/Users/metinbicaksiz/Desktop/namaste-react/swiggy/src/components/Cart.js","statementMap":{"0":{"start":{"line":5,"column":13},"end":{"line":43,"column":1}},"1":{"start":{"line":6,"column":22},"end":{"line":6,"column":54}},"2":{"start":{"line":6,"column":43},"end":{"line":6,"column":53}},"3":{"start":{"line":7,"column":21},"end":{"line":7,"column":34}},"4":{"start":{"line":9,"column":28},"end":{"line":11,"column":5}},"5":{"start":{"line":10,"column":8},"end":{"line":10,"column":30}},"6":{"start":{"line":13,"column":4},"end":{"line":42,"column":5}},"7":{"start":{"line":31,"column":24},"end":{"line":37,"column":29}}},"fnMap":{"0":{"name":"(anonymous_0)","decl":{"start":{"line":5,"column":13},"end":{"line":5,"column":14}},"loc":{"start":{"line":5,"column":19},"end":{"line":43,"column":1}},"line":5},"1":{"name":"(anonymous_1)","decl":{"start":{"line":6,"column":34},"end":{"line":6,"column":35}},"loc":{"start":{"line":6,"column":43},"end":{"line":6,"column":53}},"line":6},"2":{"name":"(anonymous_2)","decl":{"start":{"line":9,"column":28},"end":{"line":9,"column":29}},"loc":{"start":{"line":9,"column":34},"end":{"line":11,"column":5}},"line":9},"3":{"name":"(anonymous_3)","decl":{"start":{"line":30,"column":41},"end":{"line":30,"column":42}},"loc":{"start":{"line":31,"column":24},"end":{"line":37,"column":29}},"line":31}},"branchMap":{"0":{"loc":{"start":{"line":28,"column":17},"end":{"line":28,"column":72}},"type":"binary-expr","locations":[{"start":{"line":28,"column":17},"end":{"line":28,"column":46}},{"start":{"line":28,"column":50},"end":{"line":28,"column":72}}],"line":28}},"s":{"0":1,"1":4,"2":8,"3":4,"4":4,"5":1,"6":4,"7":3},"f":{"0":4,"1":8,"2":1,"3":3},"b":{"0":[4,2]},"_coverageSchema":"1a1c01bbd47fc00a2c39e90264f33305004495a9","hash":"c5dd203628a74596676d500240773cc311ac3538"}
,"/Users/metinbicaksiz/Desktop/namaste-react/swiggy/src/components/Contact.js": {"path":"/Users/metinbicaksiz/Desktop/namaste-react/swiggy/src/components/Contact.js","statementMap":{"0":{"start":{"line":3,"column":16},"end":{"line":14,"column":1}},"1":{"start":{"line":4,"column":4},"end":{"line":13,"column":6}}},"fnMap":{"0":{"name":"(anonymous_0)","decl":{"start":{"line":3,"column":16},"end":{"line":3,"column":17}},"loc":{"start":{"line":3,"column":22},"end":{"line":14,"column":1}},"line":3}},"branchMap":{},"s":{"0":1,"1":4},"f":{"0":4},"b":{},"_coverageSchema":"1a1c01bbd47fc00a2c39e90264f33305004495a9","hash":"7bc819b016c5eb83f51d337377372c78701e817b"}
,"/Users/metinbicaksiz/Desktop/namaste-react/swiggy/src/components/Header.js": {"path":"/Users/metinbicaksiz/Desktop/namaste-react/swiggy/src/components/Header.js","statementMap":{"0":{"start":{"line":8,"column":15},"end":{"line":52,"column":1}},"1":{"start":{"line":9,"column":30},"end":{"line":9,"column":45}},"2":{"start":{"line":10,"column":20},"end":{"line":10,"column":46}},"3":{"start":{"line":11,"column":21},"end":{"line":13,"column":5}},"4":{"start":{"line":12,"column":8},"end":{"line":12,"column":25}},"5":{"start":{"line":15,"column":22},"end":{"line":15,"column":62}},"6":{"start":{"line":15,"column":45},"end":{"line":15,"column":61}},"7":{"start":{"line":17,"column":25},"end":{"line":17,"column":42}},"8":{"start":{"line":19,"column":17},"end":{"line":19,"column":40}},"9":{"start":{"line":21,"column":4},"end":{"line":51,"column":5}}},"fnMap":{"0":{"name":"(anonymous_0)","decl":{"start":{"line":8,"column":15},"end":{"line":8,"column":16}},"loc":{"start":{"line":8,"column":21},"end":{"line":52,"column":1}},"line":8},"1":{"name":"(anonymous_1)","decl":{"start":{"line":11,"column":21},"end":{"line":11,"column":22}},"loc":{"start":{"line":11,"column":27},"end":{"line":13,"column":5}},"line":11},"2":{"name":"(anonymous_2)","decl":{"start":{"line":15,"column":34},"end":{"line":15,"column":35}},"loc":{"start":{"line":15,"column":45},"end":{"line":15,"column":61}},"line":15}},"branchMap":{"0":{"loc":{"start":{"line":10,"column":20},"end":{"line":10,"column":46}},"type":"cond-expr","locations":[{"start":{"line":10,"column":28},"end":{"line":10,"column":36}},{"start":{"line":10,"column":39},"end":{"line":10,"column":46}}],"line":10},"1":{"loc":{"start":{"line":29,"column":25},"end":{"line":29,"column":60}},"type":"cond-expr","locations":[{"start":{"line":29,"column":40},"end":{"line":29,"column":48}},{"start":{"line":29,"column":51},"end":{"line":29,"column":60}}],"line":29}},"s":{"0":2,"1":7,"2":7,"3":7,"4":1,"5":7,"6":13,"7":7,"8":7,"9":7},"f":{"0":7,"1":1,"2":13},"b":{"0":[1,6],"1":[7,0]},"_coverageSchema":"1a1c01bbd47fc00a2c39e90264f33305004495a9","hash":"b28ec33c012964653e052ff7f4b6cbaa8e405f9e"}
,"/Users/metinbicaksiz/Desktop/namaste-react/swiggy/src/components/ItemList.js": {"path":"/Users/metinbicaksiz/Desktop/namaste-react/swiggy/src/components/ItemList.js","statementMap":{"0":{"start":{"line":5,"column":17},"end":{"line":23,"column":1}},"1":{"start":{"line":7,"column":21},"end":{"line":7,"column":34}},"2":{"start":{"line":8,"column":26},"end":{"line":10,"column":5}},"3":{"start":{"line":9,"column":8},"end":{"line":9,"column":38}},"4":{"start":{"line":11,"column":4},"end":{"line":22,"column":5}}},"fnMap":{"0":{"name":"(anonymous_0)","decl":{"start":{"line":5,"column":17},"end":{"line":5,"column":18}},"loc":{"start":{"line":5,"column":32},"end":{"line":23,"column":1}},"line":5},"1":{"name":"(anonymous_1)","decl":{"start":{"line":8,"column":26},"end":{"line":8,"column":27}},"loc":{"start":{"line":8,"column":32},"end":{"line":10,"column":5}},"line":8}},"branchMap":{},"s":{"0":1,"1":1,"2":1,"3":2,"4":1},"f":{"0":1,"1":2},"b":{},"_coverageSchema":"1a1c01bbd47fc00a2c39e90264f33305004495a9","hash":"aec4ce545ade7a1a3b4559506c62cacdc845baa4"}
,"/Users/metinbicaksiz/Desktop/namaste-react/swiggy/src/components/ResCategory.js": {"path":"/Users/metinbicaksiz/Desktop/namaste-react/swiggy/src/components/ResCategory.js","statementMap":{"0":{"start":{"line":6,"column":20},"end":{"line":24,"column":1}},"1":{"start":{"line":7,"column":17},"end":{"line":7,"column":22}},"2":{"start":{"line":8,"column":38},"end":{"line":8,"column":43}},"3":{"start":{"line":9,"column":17},"end":{"line":9,"column":40}},"4":{"start":{"line":10,"column":4},"end":{"line":23,"column":5}},"5":{"start":{"line":14,"column":20},"end":{"line":14,"column":45}}},"fnMap":{"0":{"name":"(anonymous_0)","decl":{"start":{"line":6,"column":20},"end":{"line":6,"column":21}},"loc":{"start":{"line":6,"column":31},"end":{"line":24,"column":1}},"line":6},"1":{"name":"(anonymous_1)","decl":{"start":{"line":13,"column":78},"end":{"line":13,"column":79}},"loc":{"start":{"line":13,"column":84},"end":{"line":15,"column":17}},"line":13}},"branchMap":{"0":{"loc":{"start":{"line":17,"column":27},"end":{"line":17,"column":47}},"type":"cond-expr","locations":[{"start":{"line":17,"column":39},"end":{"line":17,"column":42}},{"start":{"line":17,"column":44},"end":{"line":17,"column":47}}],"line":17},"1":{"loc":{"start":{"line":19,"column":17},"end":{"line":19,"column":72}},"type":"binary-expr","locations":[{"start":{"line":19,"column":17},"end":{"line":19,"column":26}},{"start":{"line":19,"column":30},"end":{"line":19,"column":72}}],"line":19}},"s":{"0":1,"1":2,"2":2,"3":2,"4":2,"5":1},"f":{"0":2,"1":1},"b":{"0":[1,1],"1":[2,1]},"_coverageSchema":"1a1c01bbd47fc00a2c39e90264f33305004495a9","hash":"b655c0419004efdbdf6c7a3c4368eae1da8aa1d6"}
,"/Users/metinbicaksiz/Desktop/namaste-react/swiggy/src/components/RestCard.js": {"path":"/Users/metinbicaksiz/Desktop/namaste-react/swiggy/src/components/RestCard.js","statementMap":{"0":{"start":{"line":6,"column":17},"end":{"line":29,"column":1}},"1":{"start":{"line":7,"column":27},"end":{"line":7,"column":32}},"2":{"start":{"line":8,"column":17},"end":{"line":8,"column":40}},"3":{"start":{"line":16,"column":8},"end":{"line":16,"column":24}},"4":{"start":{"line":17,"column":4},"end":{"line":28,"column":5}}},"fnMap":{"0":{"name":"(anonymous_0)","decl":{"start":{"line":6,"column":17},"end":{"line":6,"column":18}},"loc":{"start":{"line":6,"column":28},"end":{"line":29,"column":1}},"line":6}},"branchMap":{},"s":{"0":1,"1":33,"2":33,"3":33,"4":33},"f":{"0":33},"b":{},"_coverageSchema":"1a1c01bbd47fc00a2c39e90264f33305004495a9","hash":"60fcbf8a1ffcc5072532df221ebc167c9203ba7a"}
,"/Users/metinbicaksiz/Desktop/namaste-react/swiggy/src/components/RestaurantMenu.js": {"path":"/Users/metinbicaksiz/Desktop/namaste-react/swiggy/src/components/RestaurantMenu.js","statementMap":{"0":{"start":{"line":8,"column":23},"end":{"line":49,"column":1}},"1":{"start":{"line":9,"column":21},"end":{"line":9,"column":32}},"2":{"start":{"line":10,"column":21},"end":{"line":10,"column":45}},"3":{"start":{"line":11,"column":38},"end":{"line":11,"column":48}},"4":{"start":{"line":13,"column":4},"end":{"line":15,"column":5}},"5":{"start":{"line":14,"column":8},"end":{"line":14,"column":25}},"6":{"start":{"line":21,"column":8},"end":{"line":21,"column":44}},"7":{"start":{"line":23,"column":26},"end":{"line":23,"column":103}},"8":{"start":{"line":24,"column":23},"end":{"line":24,"column":123}},"9":{"start":{"line":24,"column":45},"end":{"line":24,"column":122}},"10":{"start":{"line":25,"column":4},"end":{"line":48,"column":6}},"11":{"start":{"line":34,"column":20},"end":{"line":35,"column":25}},"12":{"start":{"line":40,"column":24},"end":{"line":45,"column":26}},"13":{"start":{"line":44,"column":48},"end":{"line":44,"column":67}}},"fnMap":{"0":{"name":"(anonymous_0)","decl":{"start":{"line":8,"column":23},"end":{"line":8,"column":24}},"loc":{"start":{"line":8,"column":29},"end":{"line":49,"column":1}},"line":8},"1":{"name":"(anonymous_1)","decl":{"start":{"line":24,"column":40},"end":{"line":24,"column":41}},"loc":{"start":{"line":24,"column":45},"end":{"line":24,"column":122}},"line":24},"2":{"name":"(anonymous_2)","decl":{"start":{"line":33,"column":31},"end":{"line":33,"column":32}},"loc":{"start":{"line":34,"column":20},"end":{"line":35,"column":25}},"line":34},"3":{"name":"(anonymous_3)","decl":{"start":{"line":39,"column":35},"end":{"line":39,"column":36}},"loc":{"start":{"line":40,"column":24},"end":{"line":45,"column":26}},"line":40},"4":{"name":"(anonymous_4)","decl":{"start":{"line":44,"column":42},"end":{"line":44,"column":43}},"loc":{"start":{"line":44,"column":48},"end":{"line":44,"column":67}},"line":44}},"branchMap":{"0":{"loc":{"start":{"line":13,"column":4},"end":{"line":15,"column":5}},"type":"if","locations":[{"start":{"line":13,"column":4},"end":{"line":15,"column":5}},{"start":{},"end":{}}],"line":13},"1":{"loc":{"start":{"line":43,"column":39},"end":{"line":43,"column":66}},"type":"binary-expr","locations":[{"start":{"line":43,"column":39},"end":{"line":43,"column":58}},{"start":{"line":43,"column":62},"end":{"line":43,"column":66}}],"line":43}},"s":{"0":1,"1":3,"2":3,"3":3,"4":3,"5":1,"6":2,"7":2,"8":2,"9":2,"10":2,"11":2,"12":2,"13":1},"f":{"0":3,"1":2,"2":2,"3":2,"4":1},"b":{"0":[1,2],"1":[2,1]},"_coverageSchema":"1a1c01bbd47fc00a2c39e90264f33305004495a9","hash":"0bc850710145c351a3c7dd9c685c52c135369842"}
,"/Users/metinbicaksiz/Desktop/namaste-react/swiggy/src/components/Shimmer.js": {"path":"/Users/metinbicaksiz/Desktop/namaste-react/swiggy/src/components/Shimmer.js","statementMap":{"0":{"start":{"line":3,"column":16},"end":{"line":30,"column":1}},"1":{"start":{"line":4,"column":4},"end":{"line":29,"column":10}}},"fnMap":{"0":{"name":"(anonymous_0)","decl":{"start":{"line":3,"column":16},"end":{"line":3,"column":17}},"loc":{"start":{"line":3,"column":22},"end":{"line":30,"column":1}},"line":3}},"branchMap":{},"s":{"0":2,"1":3},"f":{"0":3},"b":{},"_coverageSchema":"1a1c01bbd47fc00a2c39e90264f33305004495a9","hash":"c9b204c37878793d069d4a9cae11ed19382b7cf1"}
,"/Users/metinbicaksiz/Desktop/namaste-react/swiggy/src/components/sum.js": {"path":"/Users/metinbicaksiz/Desktop/namaste-react/swiggy/src/components/sum.js","statementMap":{"0":{"start":{"line":1,"column":19},"end":{"line":3,"column":1}},"1":{"start":{"line":2,"column":4},"end":{"line":2,"column":17}}},"fnMap":{"0":{"name":"(anonymous_0)","decl":{"start":{"line":1,"column":19},"end":{"line":1,"column":20}},"loc":{"start":{"line":1,"column":28},"end":{"line":3,"column":1}},"line":1}},"branchMap":{},"s":{"0":1,"1":1},"f":{"0":1},"b":{},"_coverageSchema":"1a1c01bbd47fc00a2c39e90264f33305004495a9","hash":"ff12509cc8e49ed098651308f8dee669ae7127ac"}
,"/Users/metinbicaksiz/Desktop/namaste-react/swiggy/src/utils/UserContext.js": {"path":"/Users/metinbicaksiz/Desktop/namaste-react/swiggy/src/utils/UserContext.js","statementMap":{"0":{"start":{"line":3,"column":20},"end":{"line":5,"column":2}}},"fnMap":{},"branchMap":{},"s":{"0":3},"f":{},"b":{},"_coverageSchema":"1a1c01bbd47fc00a2c39e90264f33305004495a9","hash":"322a85949a85b6b03e376ec884c3803ee4b67916"}
,"/Users/metinbicaksiz/Desktop/namaste-react/swiggy/src/utils/cartSlice.js": {"path":"/Users/metinbicaksiz/Desktop/namaste-react/swiggy/src/utils/cartSlice.js","statementMap":{"0":{"start":{"line":3,"column":18},"end":{"line":19,"column":2}},"1":{"start":{"line":10,"column":12},"end":{"line":10,"column":45}},"2":{"start":{"line":13,"column":12},"end":{"line":13,"column":30}},"3":{"start":{"line":16,"column":12},"end":{"line":16,"column":35}},"4":{"start":{"line":21,"column":48},"end":{"line":21,"column":65}}},"fnMap":{"0":{"name":"(anonymous_0)","decl":{"start":{"line":9,"column":17},"end":{"line":9,"column":18}},"loc":{"start":{"line":9,"column":36},"end":{"line":11,"column":9}},"line":9},"1":{"name":"(anonymous_1)","decl":{"start":{"line":12,"column":20},"end":{"line":12,"column":21}},"loc":{"start":{"line":12,"column":39},"end":{"line":14,"column":9}},"line":12},"2":{"name":"(anonymous_2)","decl":{"start":{"line":15,"column":19},"end":{"line":15,"column":20}},"loc":{"start":{"line":15,"column":30},"end":{"line":17,"column":9}},"line":15}},"branchMap":{},"s":{"0":2,"1":2,"2":0,"3":1,"4":2},"f":{"0":2,"1":0,"2":1},"b":{},"_coverageSchema":"1a1c01bbd47fc00a2c39e90264f33305004495a9","hash":"6e99a77eae736468bf4ffb002a5ba1ecdb6df86f"}
,"/Users/metinbicaksiz/Desktop/namaste-react/swiggy/src/utils/constants.js": {"path":"/Users/metinbicaksiz/Desktop/namaste-react/swiggy/src/utils/constants.js","statementMap":{"0":{"start":{"line":1,"column":24},"end":{"line":1,"column":154}},"1":{"start":{"line":3,"column":23},"end":{"line":3,"column":106}},"2":{"start":{"line":5,"column":26},"end":{"line":5,"column":142}}},"fnMap":{},"branchMap":{},"s":{"0":2,"1":2,"2":2},"f":{},"b":{},"_coverageSchema":"1a1c01bbd47fc00a2c39e90264f33305004495a9","hash":"60e15c735a681f542a34f3902c36ccb6fa1f2e0f"}
,"/Users/metinbicaksiz/Desktop/namaste-react/swiggy/src/utils/store.js": {"path":"/Users/metinbicaksiz/Desktop/namaste-react/swiggy/src/utils/store.js","statementMap":{"0":{"start":{"line":4,"column":14},"end":{"line":8,"column":2}}},"fnMap":{},"branchMap":{},"s":{"0":2},"f":{},"b":{},"_coverageSchema":"1a1c01bbd47fc00a2c39e90264f33305004495a9","hash":"b07a63ce8a02597d22431bcb2c44e99ddc63ef7f"}
,"/Users/metinbicaksiz/Desktop/namaste-react/swiggy/src/utils/useOnlineStatus.js": {"path":"/Users/metinbicaksiz/Desktop/namaste-react/swiggy/src/utils/useOnlineStatus.js","statementMap":{"0":{"start":{"line":3,"column":24},"end":{"line":16,"column":1}},"1":{"start":{"line":4,"column":44},"end":{"line":4,"column":58}},"2":{"start":{"line":6,"column":4},"end":{"line":13,"column":11}},"3":{"start":{"line":7,"column":8},"end":{"line":9,"column":11}},"4":{"start":{"line":8,"column":12},"end":{"line":8,"column":34}},"5":{"start":{"line":10,"column":8},"end":{"line":12,"column":11}},"6":{"start":{"line":11,"column":12},"end":{"line":11,"column":33}},"7":{"start":{"line":15,"column":4},"end":{"line":15,"column":24}}},"fnMap":{"0":{"name":"(anonymous_0)","decl":{"start":{"line":3,"column":24},"end":{"line":3,"column":25}},"loc":{"start":{"line":3,"column":30},"end":{"line":16,"column":1}},"line":3},"1":{"name":"(anonymous_1)","decl":{"start":{"line":6,"column":14},"end":{"line":6,"column":15}},"loc":{"start":{"line":6,"column":20},"end":{"line":13,"column":5}},"line":6},"2":{"name":"(anonymous_2)","decl":{"start":{"line":7,"column":43},"end":{"line":7,"column":44}},"loc":{"start":{"line":7,"column":49},"end":{"line":9,"column":9}},"line":7},"3":{"name":"(anonymous_3)","decl":{"start":{"line":10,"column":42},"end":{"line":10,"column":43}},"loc":{"start":{"line":10,"column":48},"end":{"line":12,"column":9}},"line":10}},"branchMap":{},"s":{"0":3,"1":14,"2":14,"3":5,"4":0,"5":5,"6":0,"7":14},"f":{"0":14,"1":5,"2":0,"3":0},"b":{},"_coverageSchema":"1a1c01bbd47fc00a2c39e90264f33305004495a9","hash":"accd15c4c1a7a6c7c6dd76b61e6102416cca0414"}
,"/Users/metinbicaksiz/Desktop/namaste-react/swiggy/src/utils/useRestaurantMenu.js": {"path":"/Users/metinbicaksiz/Desktop/namaste-react/swiggy/src/utils/useRestaurantMenu.js","statementMap":{"0":{"start":{"line":4,"column":26},"end":{"line":16,"column":1}},"1":{"start":{"line":5,"column":35},"end":{"line":5,"column":49}},"2":{"start":{"line":6,"column":4},"end":{"line":8,"column":11}},"3":{"start":{"line":7,"column":8},"end":{"line":7,"column":20}},"4":{"start":{"line":10,"column":22},"end":{"line":14,"column":5}},"5":{"start":{"line":11,"column":21},"end":{"line":11,"column":51}},"6":{"start":{"line":12,"column":21},"end":{"line":12,"column":38}},"7":{"start":{"line":13,"column":8},"end":{"line":13,"column":30}},"8":{"start":{"line":15,"column":3},"end":{"line":15,"column":18}}},"fnMap":{"0":{"name":"(anonymous_0)","decl":{"start":{"line":4,"column":26},"end":{"line":4,"column":27}},"loc":{"start":{"line":4,"column":37},"end":{"line":16,"column":1}},"line":4},"1":{"name":"(anonymous_1)","decl":{"start":{"line":6,"column":14},"end":{"line":6,"column":15}},"loc":{"start":{"line":6,"column":20},"end":{"line":8,"column":5}},"line":6},"2":{"name":"(anonymous_2)","decl":{"start":{"line":10,"column":22},"end":{"line":10,"column":23}},"loc":{"start":{"line":10,"column":34},"end":{"line":14,"column":5}},"line":10}},"branchMap":{},"s":{"0":1,"1":3,"2":3,"3":1,"4":3,"5":1,"6":1,"7":1,"8":3},"f":{"0":3,"1":1,"2":1},"b":{},"_coverageSchema":"1a1c01bbd47fc00a2c39e90264f33305004495a9","hash":"02ebda45bbc58334a9cc02e77ba9c65e448c5e66"}
}
